              	; --------------------------------------
              	; zasm: assemble "Main.asm"
              	; date: 2026-06-11 23:15:58
              	; --------------------------------------


              	#include "../Z80MiniAPI.asm"
              	;   API Z80Mini:
0100:         	delay500ms          equ     0x0100  ;   Delay 500ms
0103:         	delay               equ     0x0103  ;   On entry: DE = Delay time in milliseconds
0106:         	I2C_Open            equ     0x0106  ;   On entry: A = Device address (bit zero is read flag)
0109:         	I2C_Close           equ     0x0109  ;   Close
010C:         	I2C_Read            equ     0x010C  ;   On exit: If successful A = data byte and Z flagged
010F:         	I2C_Write           equ     0x010F  ;   On entry: A = Data byte, or Address byte (bit zero is read flag)
0112:         	keyboardIsEsc       equ     0x0112  ;   Verifica se ESC foi precionada. On exit: If press A = CTRLC and NZ flagged
0115:         	keyboardWaitA       equ     0x0115  ;   Aguarda tecla, letra em A. (BC DE HL preserved)
0118:         	keyboardA           equ     0x0118  ;   Lê teclado, Se tecla Carry=1. Letra em A. (BC DE HL preserved)
011B:         	setDefaultSerialA   equ     0x011B  ;   Seta terminal padrao porta A, Quando reinicia volta para A.
011E:         	setDefaultSerialB   equ     0x011E  ;   Seta terminal padrao porta B (P2), Quando reinicia volta para A.
0121:         	serialPrintA        equ     0x0121  ;   Imprime char in A no terminal setado.
0124:         	serialInputA        equ     0x0124  ;   Aguarda receber char no terminal setado. Retorno em A.
0127:         	serialPrintStr      equ     0x0127  ;   Imprime string (HL) terminado em 0 no terminal setado. MAX 128 chars. MODIFIES : A,B,C
012A:         	serialCRLF          equ     0x012A  ;   Imprime CR e LF no terminal setado.
012D:         	serialHexA          equ     0x012D  ;   Imprime byte em A no formato HEX, no terminal setado. Ex: 'D' = 44
0130:         	serialHexHL         equ     0x0130  ;   Imprime HL como 4 digitos hexadecimais, no terminal setado. Ex: HL=$80FF -> imprime "80FF"
0133:         	serialInHexA        equ     0x0133  ;   Pegar 2 caracteres ASCII (0-9 A-F), do terminal setado e converte em um byte em A. SEM ECHO
0136:         	serialInHexHL       equ     0x0136  ;   Pegar 4 caracteres ASCII (0-9 A-F), do terminal setado e converte em HL. SEM ECHO
              	
0139:         	initLCD             equ     0x0139  ;   Inicializa GLCD
013C:         	clearGBUF           equ     0x013C  ;   Limpa buffer da memoria de grafico. Precisa do plotToLCD para refletir no lcd.
013F:         	clearGrLCD          equ     0x013F  ;   Limpa memoria grafico do GLCD. Sem o plotToLCD.
0142:         	clearTxtLCD         equ     0x0142  ;   Limpar caracteres do LCD
0145:         	setGrMode           equ     0x0145  ;   Seta modo Grafico. 128x64
0148:         	setTxtMode          equ     0x0148  ;   Seta mode Text. 16x4 equivalente
014B:         	drawBox             equ     0x014B  ;   Desenha caixa. Entradas: BC = X0,Y0 - DE = X1,Y1    Destroys: HL
014E:         	drawLine            equ     0x014E  ;   Desenha linha.  Entradas: BC = X0,Y0 - DE = X1,Y1
0151:         	drawCircle          equ     0x0151  ;   Desenha circulo. Entradas BC = xm,ym (Ponro do Meio) - E = radius
0154:         	drawPixel           equ     0x0154  ;   Desenha um pixel em X Y.  Entrada B = column/X (0-127), C = row/Y (0-63)   Destroys: HL
0157:         	fillBox             equ     0x0157  ;   Desenha caixa preenchida. Entradas: BC = X0,Y0 - DE = X1,Y1    Destroys: HL
015A:         	fillCircle          equ     0x015A  ;   Desenha circulo preenchido. Entradas BC = xm,ym (Ponro do Meio) - E = radius
015D:         	plotToLCD           equ     0x015D  ;   Rotina principal de desenho. Move GBUF para o LCD e limpa o buffer ou não (setBufClear, setBufNoClear).  Destroys: ALL
0160:         	printString         equ     0x0160  ;   Imprimir texto ASCII em uma determinada linha. Entradas: A = 0 a 3 Número da linha. .db "String" na próxima linha, terminar com 0
0163:         	printChars          equ     0x0163  ;   (Ver detalhes) Imprimir caracteres na posição X,Y. Entrada B = coluna/X (0-7), C = linha/Y (0-3). HL = Endereço inicial do texto a ser exibido, termina com 0
0166:         	setInt38            equ     0x0166  ;   Seta vetor de interrupcao int38. Entradas HL = RST38_ADDR
0169:         	setint66            equ     0x0169  ;   Seta vetor de interrupcao int66. Entradas HL = RST66_ADDR
016C:         	setBufClear         equ     0x016C  ;   Configura limpeza do buffer após a saída para o LCD e vai para clearGBUF.
016F:         	setBufNoClear       equ     0x016F  ;   Configura para não limpar o buffer após a saída para o LCD.
0172:         	clearPixel          equ     0x0172  ;   Limpa um pixel X Y.  Input B = column/X (0-127), C = row/Y (0-63)    Destroy HL
0175:         	flipPixel           equ     0x0175  ;   Inverte um pixel X Y.  Input B = column/X (0-127), C = row/Y (0-63)    Destroy HL
0178:         	drawGraphic         equ     0x0178  ;   Desenha no buffer. Entrada: A = número ASCII ou se A=0 Então  HL = Endereço dos dados gráficos. B = largura do gráfico em pixels (1-128). C = altura do gráfico em pixels (1-64). Destroy: ALL
017B:         	invGraphic          equ     0x017B  ;   Altera a flag de desenho inverso. (não inverte grafico atual) Destroy A
017E:         	initTerminal        equ     0x017E  ;   Inicializa o Terminal GLCD. Cursor 0,0 e limpa buffer.
0181:         	sendCharToLCD       equ     0x0181  ;   Envia ou manipula caracteres ASCII para a tela GLCD (Terminal). Entrada: A = caractere ASCII a ser enviado para a tela GLCD. A = somente cursor desenhado.
0184:         	sendStringToLCD     equ     0x0184  ;   Imprime string no terminal GLCD. DE = inicio da string. A = caractere para parar a impressão. A impressão para e retorna quando um CR é impresso. Destroy ALL
0187:         	sendRegToLCD        equ     0x0187  ;   Imprime byte em A no formato HEX, no GLCD. Ex: 'D' = 44
018A:         	sendHLToLCD         equ     0x018A  ;   Imprime HL como 4 digitos hexadecimais, no GLCD. Ex: HL=$80FF -> imprime "80FF"
018D:         	setCursor           equ     0x018D  ;   Define a posição do cursor gráfico. Entradas: BC = X,Y onde X = 0..127, Y = 0..63   Destroy A
0190:         	getCursor           equ     0x0190  ;   Obter a posição do cursor. Saídas: BC = X,Y onde X = 0..127, Y = 0..63
0193:         	displayCursor       equ     0x0193  ;   Exibir Cursor. Entrada: A = 0, Ativar cursor, A = diferente de zero, Desativar cursor.
0196:         	autoLF              equ     0x0196  ;   Avanço de linha automático quando o cursor atinge o final da linha (Terminal). Entrada: A = 0, Avanço de linha automático; A = diferente de zero, Sem avanço de linha automático. Padrao LIGADO.
0199:         	underline           equ     0x0199  ;   Exibir sublinhado no caractere (Terminal). O estado inicial é sem sublinhado. Chamar esta rotina irá ALTERAR/DESLIGAR o sinalizador de sublinhado.
019C:         	plotAlways          equ     0x019C  ;   Quando sendCharToLCD é chamado, Atualiza GLCD ou não. Se Desativado plotToLCD deve ser chamado atualizar o GLCD. Entrada: A=0, Plotar sempre; A>0, Não plotar. O padrão é Plotar sempre.
              	
8000:         	    ORG 8000H
              	
8000:         	inicio:
              	    ; liga display
8000: 3E0E    	    LD A, 0EH
8002: CD0601  	    CALL I2C_Open
8005: 3E00    	    LD A, 00H
8007: CD0F01  	    CALL I2C_Write
800A: 3E03    	    LD A, 03H
800C: CD0F01  	    CALL I2C_Write
800F: CD0901  	    CALL I2C_Close
              	
8012:         	loop:
              	    ; le ricoh223 - segundos
8012: 3E64    	    LD A, 64H
8014: CD0601  	    CALL I2C_Open
8017: 3E00    	    LD A, 00H           ; segundos
8019: CD0F01  	    CALL I2C_Write
801C: 3E65    	    LD A, 65H           ; read = addr + 1
801E: CD0601  	    CALL I2C_Open
8021: CD0C01  	    CALL I2C_Read
8024: 32C080  	    LD (segundos), A
8027: CD0901  	    CALL I2C_Close
              	
802A: 113200  	    LD DE, 0032H
802D: CD0301  	    CALL delay
              	
              	    ; le ricoh223 - minutos
8030: 3E64    	    LD A, 64H
8032: CD0601  	    CALL I2C_Open
8035: 3E10    	    LD A, 10H           ; minutos 
8037: CD0F01  	    CALL I2C_Write
803A: 3E65    	    LD A, 65H
803C: CD0601  	    CALL I2C_Open
803F: CD0C01  	    CALL I2C_Read
8042: E67F    	    AND 01111111B
8044: 32BF80  	    LD (minutos), A
8047: CD0901  	    CALL I2C_Close
              	
804A: 113200  	    LD DE, 0032H
804D: CD0301  	    CALL delay
              	
              	    ; le ricoh223 - hora
8050: 3E64    	    LD A, 64H
8052: CD0601  	    CALL I2C_Open
8055: 3E20    	    LD A, 20H           ; hora
8057: CD0F01  	    CALL I2C_Write
805A: 3E65    	    LD A, 65H
805C: CD0601  	    CALL I2C_Open
805F: CD0C01  	    CALL I2C_Read
8062: E63F    	    AND 00111111B
8064: 32BE80  	    LD (horas), A
8067: CD0901  	    CALL I2C_Close
              	
806A: 113200  	    LD DE, 0032H
806D: CD0301  	    CALL delay
              	
              	    ; display escreve low (minutos)
8070: 3E0E    	    LD A, 0EH
8072: CD0601  	    CALL I2C_Open
8075: 3E01    	    LD A, 01H
8077: CD0F01  	    CALL I2C_Write
807A: 3ABF80  	    LD A, (minutos)
807D: CD0F01  	    CALL I2C_Write
8080: CD0901  	    CALL I2C_Close
              	
8083: 113200  	    LD DE, 0032H
8086: CD0301  	    CALL delay
              	
              	    ; display escreve high (horas)
8089: 3E0E    	    LD A, 0EH
808B: CD0601  	    CALL I2C_Open
808E: 3E02    	    LD A, 02H
8090: CD0F01  	    CALL I2C_Write
8093: 3ABE80  	    LD A, (horas)
8096: CD0F01  	    CALL I2C_Write
8099: CD0901  	    CALL I2C_Close
              	
809C: 119603  	    LD DE, 0396H
809F: CD0301  	    CALL delay
              	
              	    ; pisca ponto ':'
80A2: 3E0E    	    LD A, 0EH
80A4: CD0601  	    CALL I2C_Open
80A7: 3E00    	    LD A, 00H
80A9: CD0F01  	    CALL I2C_Write
80AC: 3ABD80  	    LD A, (status)
80AF: EE04    	    XOR 04H
80B1: 32BD80  	    LD (status), A
80B4: CD0F01  	    CALL I2C_Write
80B7: CD0901  	    CALL I2C_Close
              	
80BA: C31280  	    JP loop
              	
80BD: 03      	status   DB 03H
80BE: 00      	horas    DB 00H
80BF: 00      	minutos  DB 00H
80C0: 00      	segundos DB 00H


; +++ segments +++

#CODE          = $8000 = 32768,  size = $00C1 =   193

; +++ global symbols +++

I2C_Close         = $0109 =   265          Z80MiniAPI.asm:5
I2C_Open          = $0106 =   262          Z80MiniAPI.asm:4
I2C_Read          = $010C =   268          Z80MiniAPI.asm:6
I2C_Write         = $010F =   271          Z80MiniAPI.asm:7
_end              = $80C1 = 32961          Z80MiniAPI.asm:1 (unused)
_size             = $00C1 =   193          Z80MiniAPI.asm:1 (unused)
_z80_             = $0001 =     1          Main.asm:1 (unused)
autoLF            = $0196 =   406          Z80MiniAPI.asm:53 (unused)
clearGBUF         = $013C =   316          Z80MiniAPI.asm:23 (unused)
clearGrLCD        = $013F =   319          Z80MiniAPI.asm:24 (unused)
clearPixel        = $0172 =   370          Z80MiniAPI.asm:41 (unused)
clearTxtLCD       = $0142 =   322          Z80MiniAPI.asm:25 (unused)
delay             = $0103 =   259          Z80MiniAPI.asm:3
delay500ms        = $0100 =   256          Z80MiniAPI.asm:2 (unused)
displayCursor     = $0193 =   403          Z80MiniAPI.asm:52 (unused)
drawBox           = $014B =   331          Z80MiniAPI.asm:28 (unused)
drawCircle        = $0151 =   337          Z80MiniAPI.asm:30 (unused)
drawGraphic       = $0178 =   376          Z80MiniAPI.asm:43 (unused)
drawLine          = $014E =   334          Z80MiniAPI.asm:29 (unused)
drawPixel         = $0154 =   340          Z80MiniAPI.asm:31 (unused)
fillBox           = $0157 =   343          Z80MiniAPI.asm:32 (unused)
fillCircle        = $015A =   346          Z80MiniAPI.asm:33 (unused)
flipPixel         = $0175 =   373          Z80MiniAPI.asm:42 (unused)
getCursor         = $0190 =   400          Z80MiniAPI.asm:51 (unused)
horas             = $80BE = 32958          Main.asm:97
inicio            = $8000 = 32768          Main.asm:4 (unused)
initLCD           = $0139 =   313          Z80MiniAPI.asm:22 (unused)
initTerminal      = $017E =   382          Z80MiniAPI.asm:45 (unused)
invGraphic        = $017B =   379          Z80MiniAPI.asm:44 (unused)
keyboardA         = $0118 =   280          Z80MiniAPI.asm:10 (unused)
keyboardIsEsc     = $0112 =   274          Z80MiniAPI.asm:8 (unused)
keyboardWaitA     = $0115 =   277          Z80MiniAPI.asm:9 (unused)
loop              = $8012 = 32786          Main.asm:14
minutos           = $80BF = 32959          Main.asm:98
plotAlways        = $019C =   412          Z80MiniAPI.asm:55 (unused)
plotToLCD         = $015D =   349          Z80MiniAPI.asm:34 (unused)
printChars        = $0163 =   355          Z80MiniAPI.asm:36 (unused)
printString       = $0160 =   352          Z80MiniAPI.asm:35 (unused)
segundos          = $80C0 = 32960          Main.asm:99
sendCharToLCD     = $0181 =   385          Z80MiniAPI.asm:46 (unused)
sendHLToLCD       = $018A =   394          Z80MiniAPI.asm:49 (unused)
sendRegToLCD      = $0187 =   391          Z80MiniAPI.asm:48 (unused)
sendStringToLCD   = $0184 =   388          Z80MiniAPI.asm:47 (unused)
serialCRLF        = $012A =   298          Z80MiniAPI.asm:16 (unused)
serialHexA        = $012D =   301          Z80MiniAPI.asm:17 (unused)
serialHexHL       = $0130 =   304          Z80MiniAPI.asm:18 (unused)
serialInHexA      = $0133 =   307          Z80MiniAPI.asm:19 (unused)
serialInHexHL     = $0136 =   310          Z80MiniAPI.asm:20 (unused)
serialInputA      = $0124 =   292          Z80MiniAPI.asm:14 (unused)
serialPrintA      = $0121 =   289          Z80MiniAPI.asm:13 (unused)
serialPrintStr    = $0127 =   295          Z80MiniAPI.asm:15 (unused)
setBufClear       = $016C =   364          Z80MiniAPI.asm:39 (unused)
setBufNoClear     = $016F =   367          Z80MiniAPI.asm:40 (unused)
setCursor         = $018D =   397          Z80MiniAPI.asm:50 (unused)
setDefaultSerialA = $011B =   283          Z80MiniAPI.asm:11 (unused)
setDefaultSerialB = $011E =   286          Z80MiniAPI.asm:12 (unused)
setGrMode         = $0145 =   325          Z80MiniAPI.asm:26 (unused)
setInt38          = $0166 =   358          Z80MiniAPI.asm:37 (unused)
setTxtMode        = $0148 =   328          Z80MiniAPI.asm:27 (unused)
setint66          = $0169 =   361          Z80MiniAPI.asm:38 (unused)
status            = $80BD = 32957          Main.asm:96
underline         = $0199 =   409          Z80MiniAPI.asm:54 (unused)


total time: 0.0107 sec.
no errors
