                                      1 ;--------------------------------------------------------
                                      2 ; File Created by SDCC : free open source ISO C Compiler
                                      3 ; Version 4.5.0 #15242 (Linux)
                                      4 ;--------------------------------------------------------
                                      5 	.module main
                                      6 	
                                      7 	.optsdcc -mz80 sdcccall(1)
                                      8 ;--------------------------------------------------------
                                      9 ; Public variables in this module
                                     10 ;--------------------------------------------------------
                                     11 	.globl _main
                                     12 	.globl _setCursor
                                     13 	.globl _sendStringToLCD
                                     14 	.globl _plotToLCD
                                     15 	.globl _drawBox
                                     16 	.globl _clearGBUF
                                     17 	.globl _delay
                                     18 ;--------------------------------------------------------
                                     19 ; special function registers
                                     20 ;--------------------------------------------------------
                                     21 ;--------------------------------------------------------
                                     22 ; ram data
                                     23 ;--------------------------------------------------------
                                     24 	.area _DATA
                                     25 ;--------------------------------------------------------
                                     26 ; ram data
                                     27 ;--------------------------------------------------------
                                     28 	.area _INITIALIZED
                                     29 ;--------------------------------------------------------
                                     30 ; absolute external ram data
                                     31 ;--------------------------------------------------------
                                     32 	.area _DABS (ABS)
                                     33 ;--------------------------------------------------------
                                     34 ; global & static initialisations
                                     35 ;--------------------------------------------------------
                                     36 	.area _HOME
                                     37 	.area _GSINIT
                                     38 	.area _GSFINAL
                                     39 	.area _GSINIT
                                     40 ;--------------------------------------------------------
                                     41 ; Home
                                     42 ;--------------------------------------------------------
                                     43 	.area _HOME
                                     44 	.area _HOME
                                     45 ;--------------------------------------------------------
                                     46 ; code
                                     47 ;--------------------------------------------------------
                                     48 	.area _CODE
                                     49 ;main.c:5: void main(void) {
                                     50 ;	---------------------------------
                                     51 ; Function main
                                     52 ; ---------------------------------
    00000000                         53 _main::
    00000000 CDr00r00         [17]   54 	call	___sdcc_enter_ix
    00000003 F5               [11]   55 	push	af
                                     56 ;main.c:7: byte x = 3;
                                     57 ;main.c:8: byte y = 3;
    00000004 01 03 03         [10]   58 	ld	bc, #0x303
                                     59 ;main.c:9: sbyte vx=2;
    00000007 DD 36 FE 02      [19]   60 	ld	-2 (ix), #0x02
                                     61 ;main.c:10: sbyte vy=2;
    0000000B DD 36 FF 02      [19]   62 	ld	-1 (ix), #0x02
                                     63 ;main.c:13: while(TRUE) {
    0000000F                         64 00110$:
                                     65 ;main.c:14: clearGBUF();
    0000000F C5               [11]   66 	push	bc
    00000010 CDr00r00         [17]   67 	call	_clearGBUF
                                     68 ;main.c:15: drawBox(0,0,127,63);
    00000013 21 7F 3F         [10]   69 	ld	hl, #0x3f7f
    00000016 E5               [11]   70 	push	hl
    00000017 AF               [ 4]   71 	xor	a, a
    00000018 6F               [ 4]   72 	ld	l, a
    00000019 CDr00r00         [17]   73 	call	_drawBox
    0000001C C1               [10]   74 	pop	bc
                                     75 ;main.c:16: setCursor(x, y);
    0000001D C5               [11]   76 	push	bc
    0000001E 68               [ 4]   77 	ld	l, b
    0000001F 79               [ 4]   78 	ld	a, c
    00000020 CDr00r00         [17]   79 	call	_setCursor
                                     80 ;main.c:17: sendStringToLCD("Z80Mini");
    00000023 21r69r00         [10]   81 	ld	hl, #___str_0
    00000026 CDr00r00         [17]   82 	call	_sendStringToLCD
    00000029 C1               [10]   83 	pop	bc
                                     84 ;main.c:20: if(x > 84) {
    0000002A 3E 54            [ 7]   85 	ld	a, #0x54
    0000002C 91               [ 4]   86 	sub	a, c
    0000002D 30 04            [12]   87 	jr	NC, 00102$
                                     88 ;main.c:21: vx=-2;
    0000002F DD 36 FE FE      [19]   89 	ld	-2 (ix), #0xfe
    00000033                         90 00102$:
                                     91 ;main.c:23: if (y > 55) {
    00000033 3E 37            [ 7]   92 	ld	a, #0x37
    00000035 90               [ 4]   93 	sub	a, b
    00000036 30 04            [12]   94 	jr	NC, 00104$
                                     95 ;main.c:24: vy=-2;
    00000038 DD 36 FF FE      [19]   96 	ld	-1 (ix), #0xfe
    0000003C                         97 00104$:
                                     98 ;main.c:26: if(x < 2) {
    0000003C 79               [ 4]   99 	ld	a, c
    0000003D D6 02            [ 7]  100 	sub	a, #0x02
    0000003F 30 04            [12]  101 	jr	NC, 00106$
                                    102 ;main.c:27: vx=2;
    00000041 DD 36 FE 02      [19]  103 	ld	-2 (ix), #0x02
    00000045                        104 00106$:
                                    105 ;main.c:29: if(y < 2) {
    00000045 78               [ 4]  106 	ld	a, b
    00000046 D6 02            [ 7]  107 	sub	a, #0x02
    00000048 30 04            [12]  108 	jr	NC, 00108$
                                    109 ;main.c:30: vy=2;
    0000004A DD 36 FF 02      [19]  110 	ld	-1 (ix), #0x02
    0000004E                        111 00108$:
                                    112 ;main.c:33: plotToLCD();
    0000004E C5               [11]  113 	push	bc
    0000004F CDr00r00         [17]  114 	call	_plotToLCD
                                    115 ;main.c:35: delay(10);
    00000052 21 0A 00         [10]  116 	ld	hl, #0x000a
    00000055 CDr00r00         [17]  117 	call	_delay
    00000058 C1               [10]  118 	pop	bc
                                    119 ;main.c:37: x = x+vx;
    00000059 79               [ 4]  120 	ld	a, c
    0000005A DD 86 FE         [19]  121 	add	a, -2 (ix)
    0000005D 4F               [ 4]  122 	ld	c, a
                                    123 ;main.c:38: y = y+vy;
    0000005E 78               [ 4]  124 	ld	a, b
    0000005F DD 86 FF         [19]  125 	add	a, -1 (ix)
    00000062 47               [ 4]  126 	ld	b, a
    00000063 18 AA            [12]  127 	jr	00110$
                                    128 ;main.c:41: }
    00000065 F1               [10]  129 	pop	af
    00000066 DD E1            [14]  130 	pop	ix
    00000068 C9               [10]  131 	ret
    00000069                        132 ___str_0:
    00000069 5A 38 30 4D 69 6E 69   133 	.ascii "Z80Mini"
    00000070 00                     134 	.db 0x00
                                    135 	.area _CODE
                                    136 	.area _INITIALIZER
                                    137 	.area _CABS (ABS)
