              	; --------------------------------------
              	; zasm: assemble "Main.asm"
              	; date: 2026-06-10 15:24:57
              	; --------------------------------------


              	;   API Z80Mini:
0100:         	delay500ms          equ     0x0100  ;   Delay 500ms
0103:         	delay               equ     0x0103  ;   On entry: DE = Delay time in milliseconds
0106:         	I2C_Open            equ     0x0106  ;   On entry: A = Device address (bit zero is read flag)
0109:         	I2C_Close           equ     0x0109  ;   Close
010C:         	I2C_Read            equ     0x010C  ;   On exit: If successful A = data byte and Z flagged
010F:         	I2C_Write           equ     0x010F  ;   On entry: A = Data byte, or Address byte (bit zero is read flag)
0112:         	keyboardIsEsc       equ     0x0112  ;   Verifica se ESC foi precionada. On exit: If press A = CTRLC and NZ flagged
0115:         	keyboardWaitA       equ     0x0115  ;   Aguarda tecla, letra em A. (BC DE HL preserved)
0118:         	keyboardA           equ     0x0118  ;   Lê teclado, Se tecla Carry=1. Letra em A. (BC DE HL preserved)
011B:         	setDefaultSerialA   equ     0x011B  ;   Seta terminal padrao porta A, Quando reinicia volta para A.
011E:         	setDefaultSerialB   equ     0x011E  ;   Seta terminal padrao porta B (P2), Quando reinicia volta para A.
0121:         	serialPrintA        equ     0x0121  ;   Imprime char in A no terminal setado.
0124:         	serialInputA        equ     0x0124  ;   Aguarda receber char no terminal setado. Retorno em A.
0127:         	serialPrintStr      equ     0x0127  ;   Imprime string (HL) terminado em 0 no terminal setado. MAX 128 chars. MODIFIES : A,B,C
012A:         	serialCRLF          equ     0x012A  ;   Imprime CR e LF no terminal setado.
012D:         	serialHexA          equ     0x012D  ;   Imprime byte em A no formato HEX, no terminal setado. Ex: 'D' = 44
0130:         	serialHexHL         equ     0x0130  ;   Imprime HL como 4 digitos hexadecimais, no terminal setado. Ex: HL=$80FF -> imprime "80FF"
0133:         	serialInHexA        equ     0x0133  ;   Pegar 2 caracteres ASCII (0-9 A-F), do terminal setado e converte em um byte em A. SEM ECHO
0136:         	serialInHexHL       equ     0x0136  ;   Pegar 4 caracteres ASCII (0-9 A-F), do terminal setado e converte em HL. SEM ECHO
              	
0139:         	initLCD             equ     0x0139  ;   Inicializa GLCD
013C:         	clearGBUF           equ     0x013C  ;   Limpa buffer da memoria de grafico. Precisa do plotToLCD para refletir no lcd.
013F:         	clearGrLCD          equ     0x013F  ;   Limpa memoria grafico do GLCD. Sem o plotToLCD.
0142:         	clearTxtLCD         equ     0x0142  ;   Limpar caracteres do LCD
0145:         	setGrMode           equ     0x0145  ;   Seta modo Grafico. 128x64
0148:         	setTxtMode          equ     0x0148  ;   Seta mode Text. 16x4 equivalente
014B:         	drawBox             equ     0x014B  ;   Desenha caixa. Entradas: BC = X0,Y0 - DE = X1,Y1    Destroys: HL
014E:         	drawLine            equ     0x014E  ;   Desenha linha.  Entradas: BC = X0,Y0 - DE = X1,Y1
0151:         	drawCircle          equ     0x0151  ;   Desenha circulo. Entradas BC = xm,ym (Ponro do Meio) - E = radius
0154:         	drawPixel           equ     0x0154  ;   Desenha um pixel em X Y.  Entrada B = column/X (0-127), C = row/Y (0-63)   Destroys: HL
0157:         	fillBox             equ     0x0157  ;   Desenha caixa preenchida. Entradas: BC = X0,Y0 - DE = X1,Y1    Destroys: HL
015A:         	fillCircle          equ     0x015A  ;   Desenha circulo preenchido. Entradas BC = xm,ym (Ponro do Meio) - E = radius
015D:         	plotToLCD           equ     0x015D  ;   Rotina principal de desenho. Move GBUF para o LCD e limpa o buffer ou não (setBufClear, setBufNoClear).  Destroys: ALL
0160:         	printString         equ     0x0160  ;   Imprimir texto ASCII em uma determinada linha. Entradas: A = 0 a 3 Número da linha. .db "String" na próxima linha, terminar com 0
0163:         	printChars          equ     0x0163  ;   (Ver detalhes) Imprimir caracteres na posição X,Y. Entrada B = coluna/X (0-7), C = linha/Y (0-3). HL = Endereço inicial do texto a ser exibido, termina com 0
0166:         	setInt38            equ     0x0166  ;   Seta vetor de interrupcao int38. Entradas HL = RST38_ADDR
0169:         	setint66            equ     0x0169  ;   Seta vetor de interrupcao int66. Entradas HL = RST66_ADDR
016C:         	setBufClear         equ     0x016C  ;   Configura limpeza do buffer após a saída para o LCD e vai para clearGBUF.
016F:         	setBufNoClear       equ     0x016F  ;   Configura para não limpar o buffer após a saída para o LCD.
0172:         	clearPixel          equ     0x0172  ;   Limpa um pixel X Y.  Input B = column/X (0-127), C = row/Y (0-63)    Destroy HL
0175:         	flipPixel           equ     0x0175  ;   Inverte um pixel X Y.  Input B = column/X (0-127), C = row/Y (0-63)    Destroy HL
0178:         	drawGraphic         equ     0x0178  ;   Desenha no buffer. Entrada: A = número ASCII ou se A=0 Então  HL = Endereço dos dados gráficos. B = largura do gráfico em pixels (1-128). C = altura do gráfico em pixels (1-64). Destroy: ALL
017B:         	invGraphic          equ     0x017B  ;   Altera a flag de desenho inverso. (não inverte grafico atual) Destroy A
017E:         	initTerminal        equ     0x017E  ;   Inicializa o Terminal GLCD. Cursor 0,0 e limpa buffer.
0181:         	sendCharToLCD       equ     0x0181  ;   Envia ou manipula caracteres ASCII para a tela GLCD (Terminal). Entrada: A = caractere ASCII a ser enviado para a tela GLCD. A = somente cursor desenhado.
0184:         	sendStringToLCD     equ     0x0184  ;   Imprime string no terminal GLCD. DE = inicio da string. A = caractere para parar a impressão. A impressão para e retorna quando um CR é impresso. Destroy ALL
0187:         	sendRegToLCD        equ     0x0187  ;   Imprime byte em A no formato HEX, no GLCD. Ex: 'D' = 44
018A:         	sendHLToLCD         equ     0x018A  ;   Imprime HL como 4 digitos hexadecimais, no GLCD. Ex: HL=$80FF -> imprime "80FF"
018D:         	setCursor           equ     0x018D  ;   Define a posição do cursor gráfico. Entradas: BC = X,Y onde X = 0..127, Y = 0..63   Destroy A
0190:         	getCursor           equ     0x0190  ;   Obter a posição do cursor. Saídas: BC = X,Y onde X = 0..127, Y = 0..63
0193:         	displayCursor       equ     0x0193  ;   Exibir Cursor. Entrada: A = 0, Ativar cursor, A = diferente de zero, Desativar cursor.
0196:         	autoLF              equ     0x0196  ;   Avanço de linha automático quando o cursor atinge o final da linha (Terminal). Entrada: A = 0, Avanço de linha automático; A = diferente de zero, Sem avanço de linha automático. Padrao LIGADO.
0199:         	underline           equ     0x0199  ;   Exibir sublinhado no caractere (Terminal). O estado inicial é sem sublinhado. Chamar esta rotina irá ALTERAR/DESLIGAR o sinalizador de sublinhado.
019C:         	plotAlways          equ     0x019C  ;   Quando sendCharToLCD é chamado, Atualiza GLCD ou não. Se Desativado plotToLCD deve ser chamado atualizar o GLCD. Entrada: A=0, Plotar sempre; A>0, Não plotar. O padrão é Plotar sempre.
              	
              	
              	
              	; Display oled SSD1306 128x32 ou 128x64
0078:         	oled    .equ    $78
              	
8000:         	    .org $8000
              	    
              	    
              	
8000:         	inicio:
              	
              	    ; display on
8000: 3EAF    	    LD a, $AF
8002: CDA880  	    CALL send_cmd
              	    
              	    ; set display normal
8005: 3EA6    	    LD a, $A6
8007: CDA880  	    CALL send_cmd
              	    
              	    ; Page mode
800A: 3E02    	    LD a, $02
800C: CDA880  	    CALL send_cmd
              	    
              	    ; Charge Pump
800F: 3E8D    	    LD a, $8d
8011: CDA880  	    CALL send_cmd
8014: 3E14    	    LD a, $14
8016: CDA880  	    CALL send_cmd
              	    
              	
              	    ; 128x32 - Remover para 128x64
8019: 3EA8    	    LD a, $a8
801B: CDA880  	    CALL send_cmd
801E: 3E1F    	    LD a, $1f
8020: CDA880  	    CALL send_cmd
              	    
              	    ; 128x32 - Remover para 128x64
8023: 3EDA    	    LD a, $da
8025: CDA880  	    CALL send_cmd
8028: 3E02    	    LD a, $02
802A: CDA880  	    CALL send_cmd
              	
              	    ; horizontal
802D: 3E20    	    LD a, $20
802F: CDA880  	    CALL send_cmd
8032: 3E00    	    LD a, $00
8034: CDA880  	    CALL send_cmd
              	    
              	    ; col
8037: 3E21    	    LD a, $21
8039: CDA880  	    CALL send_cmd
803C: 3E00    	    LD a, 0
803E: CDA880  	    CALL send_cmd
8041: 3E7F    	    LD a, 127
8043: CDA880  	    CALL send_cmd
              	    
              	    ; row
8046: 3E22    	    LD a, $22
8048: CDA880  	    CALL send_cmd
804B: 3E00    	    LD a, 0
804D: CDA880  	    CALL send_cmd
8050: 3E03    	    LD a, 3
8052: CDA880  	    CALL send_cmd
              	    
              	    
              	    
8055: CDA180  	    call delay_50ms
              	    
              	    ;==================
              	
              	    ; Teste carregamento de imagem por partes de 128x8
              	
8058: 0680    	    ld b, 128
805A: 21CE80  	    ld hl, z1
805D:         	img:
805D: 7E      	    ld a, (hl)
805E: C5      	    push bc
805F: E5      	    push hl
8060: CDBB80  	    call send_data
8063: E1      	    pop hl
8064: C1      	    pop bc
8065: 23      	    inc hl
8066: 10F5    	    djnz img
              	
              	
8068: 0680    	    ld b, 128
806A: 214E81  	    ld hl, z2
806D:         	img1:
806D: 7E      	    ld a, (hl)
806E: C5      	    push bc
806F: E5      	    push hl
8070: CDBB80  	    call send_data
8073: E1      	    pop hl
8074: C1      	    pop bc
8075: 23      	    inc hl
8076: 10F5    	    djnz img1
              	    
              	    
8078: 0680    	    ld b, 128
807A: 21CE81  	    ld hl, z3
807D:         	img2:
807D: 7E      	    ld a, (hl)
807E: C5      	    push bc
807F: E5      	    push hl
8080: CDBB80  	    call send_data
8083: E1      	    pop hl
8084: C1      	    pop bc
8085: 23      	    inc hl
8086: 10F5    	    djnz img2
              	    
              	    
8088: 0680    	    ld b, 128
808A: 215E82  	    ld hl, z4
808D:         	img3:
808D: 7E      	    ld a, (hl)
808E: C5      	    push bc
808F: E5      	    push hl
8090: CDBB80  	    call send_data
8093: E1      	    pop hl
8094: C1      	    pop bc
8095: 23      	    inc hl
8096: 10F5    	    djnz img3
              	    
              	    
              	
8098:         	loop:
8098: CD1501  	    CALL keyboardWaitA
809B: CDBB80  	    call send_data
809E: C39880  	    JP loop
              	
              	    
              	
80A1:         	delay_50ms:
80A1: 113200  	    LD DE, $0032
80A4: CD0301  	    CALL delay
80A7: C9      	    Ret
              	
              	
              	
80A8:         	send_cmd:
80A8: F5      	    PUSH AF
80A9: 3E78    	    LD A, oled
80AB: CD0601  	    CALL I2C_Open
80AE: 3E00    	    LD A, $00 ; Commands
80B0: CD0F01  	    CALL I2C_Write
80B3: F1      	    POP AF
80B4: CD0F01  	    CALL I2C_Write
80B7: CD0901  	    CALL I2C_Close
80BA: C9      	    ret
              	
              	
80BB:         	send_data:
80BB: F5      	    PUSH AF
80BC: 3E78    	    LD A, oled
80BE: CD0601  	    CALL I2C_Open
80C1: 3E40    	    LD A, $40 ; Dados
80C3: CD0F01  	    CALL I2C_Write
80C6: F1      	    POP AF
80C7: CD0F01  	    CALL I2C_Write
80CA: CD0901  	    CALL I2C_Close
80CD: C9      	    ret
              	    
              	    
              	
80CE: 00000000	z1: .db 0x00, 0x00, 0x00, 0x00, 0x00, 0x00, 0x00, 0x00, 0x00, 0x00, 0x00, 0x00, 0x00, 0x00, 0x00, 0x00
80D2: 00...   	
80DE: 00000000	.db 0x00, 0x00, 0x00, 0x00, 0x00, 0x00, 0x00, 0x00, 0x00, 0x00, 0x00, 0x00, 0x00, 0x00, 0x00, 0x00
80E2: 00...   	
80EE: 00000000	.db 0x00, 0x00, 0x00, 0x00, 0x00, 0x00, 0x00, 0x00, 0x00, 0x00, 0x00, 0x00, 0x00, 0x00, 0x00, 0x00
80F2: 00...   	
80FE: 00000000	.db 0x00, 0x00, 0x00, 0x00, 0x00, 0x00, 0x00, 0x00, 0x00, 0x00, 0x00, 0x00, 0x00, 0x00, 0x00, 0x00
8102: 00...   	
810E: 00000000	.db 0x00, 0x00, 0x00, 0x00, 0x00, 0x00, 0x00, 0x00, 0x00, 0x00, 0x00, 0x00, 0x00, 0x00, 0x00, 0x00
8112: 00...   	
811E: 00000000	.db 0x00, 0x00, 0x00, 0x00, 0x00, 0x00, 0x00, 0x00, 0x00, 0x00, 0x00, 0xC0, 0x20, 0x10, 0x10, 0x10
8122: 00000000	
8126: 000000C0	
812A: 20101010	
812E: 20000000	.db 0x20, 0x00, 0x00, 0x00, 0xC0, 0x30, 0xC0, 0x00, 0x00, 0x00, 0xF0, 0x30, 0xC0, 0x00, 0x00, 0x00
8132: C030C000	
8136: 0000F030	
813A: C0000000	
813E: C030F000	.db 0xC0, 0x30, 0xF0, 0x00, 0x00, 0xF0, 0x90, 0x90, 0x90, 0x00, 0x00, 0x00, 0x00, 0x00, 0x00, 0x00
8142: 00F09090	
8146: 90000000	
814A: 00000000	
              	
814E: 00030303	z2: .db 0x00, 0x03, 0x03, 0x03, 0x83, 0xC3, 0xF3, 0x3B, 0x1F, 0x07, 0x00, 0x00, 0x00, 0x3C, 0x7E, 0xE7
8152: 83C3F33B	
8156: 1F070000	
815A: 003C7EE7	
815E: C3C3E73E	.db 0xC3, 0xC3, 0xE7, 0x3E, 0x1E, 0x00, 0x00, 0x00, 0xF0, 0xFC, 0x0E, 0x03, 0x03, 0x03, 0x03, 0x0E
8162: 1E000000	
8166: F0FC0E03	
816A: 0303030E	
816E: FEF80000	.db 0xFE, 0xF8, 0x00, 0x00, 0x00, 0x00, 0x00, 0x00, 0x00, 0x00, 0xFF, 0xFF, 0x07, 0x3E, 0xF8, 0xC0
8172: 00000000	
8176: 0000FFFF	
817A: 073EF8C0	
817E: 00000000	.db 0x00, 0x00, 0x00, 0x00, 0xC0, 0xF8, 0x1E, 0x07, 0xFF, 0xFF, 0x00, 0x00, 0x00, 0x00, 0x00, 0xF3
8182: C0F81E07	
8186: FFFF0000	
818A: 000000F3	
818E: F3000000	.db 0xF3, 0x00, 0x00, 0x00, 0x00, 0xF0, 0xF0, 0x60, 0x30, 0x30, 0x30, 0x70, 0xE0, 0xC0, 0x00, 0x00
8192: 00F0F060	
8196: 30303070	
819A: E0C00000	
819E: 0000F3F3	.db 0x00, 0x00, 0xF3, 0xF3, 0x00, 0x00, 0x00, 0x00, 0x00, 0x00, 0x00, 0x03, 0x04, 0x08, 0x09, 0x09
81A2: 00000000	
81A6: 00000003	
81AA: 04080909	
81AE: 07000C03	.db 0x07, 0x00, 0x0C, 0x03, 0x02, 0x02, 0x02, 0x03, 0x0C, 0x00, 0x0F, 0x00, 0x00, 0x03, 0x0C, 0x03
81B2: 02020203	
81B6: 0C000F00	
81BA: 00030C03	
81BE: 00000F00	.db 0x00, 0x00, 0x0F, 0x00, 0x00, 0x0F, 0x08, 0x08, 0x08, 0x00, 0x00, 0x00, 0x00, 0x00, 0x00, 0x00
81C2: 000F0808	
81C6: 08000000	
81CA: 00000000	
              	
81CE: 00707C6E	z3: .db 0x00, 0x70, 0x7C, 0x6E, 0x67, 0x61, 0x60, 0x60, 0x60, 0x60, 0x60, 0x00, 0x1C, 0x3E, 0x73, 0x61
81D2: 67616060	
81D6: 60606000	
81DA: 1C3E7361	
81DE: 60606173	.db 0x60, 0x60, 0x61, 0x73, 0x3F, 0x1E, 0x00, 0x00, 0x0F, 0x3F, 0x38, 0x60, 0x60, 0x60, 0x60, 0x38
81E2: 3F1E0000	
81E6: 0F3F3860	
81EA: 60606038	
81EE: 1F070000	.db 0x1F, 0x07, 0x00, 0x00, 0x00, 0x00, 0x00, 0x00, 0x00, 0x00, 0x7F, 0x7F, 0x00, 0x00, 0x00, 0x07
81F2: 00000000	
81F6: 00007F7F	
81FA: 00000007	
81FE: 1F78781F	.db 0x1F, 0x78, 0x78, 0x1F, 0x07, 0x00, 0x00, 0x00, 0x7F, 0x7F, 0x00, 0x00, 0x00, 0x00, 0x00, 0x7F
8202: 07000000	
8206: 7F7F0000	
820A: 0000007F	
820E: 7F000000	.db 0x7F, 0x00, 0x00, 0x00, 0x00, 0x7F, 0x7F, 0x00, 0x00, 0x00, 0x00, 0x00, 0x7F, 0x7F, 0x00, 0x00
8212: 007F7F00	
8216: 00000000	
821A: 7F7F0000	
821E: 00007F7F	.db 0x00, 0x00, 0x7F, 0x7F, 0x00, 0x00, 0x00, 0x00, 0x00, 0x00, 0x00, 0xE0, 0x10, 0x08, 0x08, 0x08
8222: 00000000	
8226: 000000E0	
822A: 10080808	
822E: 1000E010	.db 0x10, 0x00, 0xE0, 0x10, 0x08, 0x08, 0x08, 0x10, 0xE0, 0x00, 0x00, 0xF8, 0x88, 0x88, 0x88, 0x70
8232: 08080810	
8236: E00000F8	
823A: 88888870	
823E: 0000F848	.db 0x00, 0x00, 0xF8, 0x48, 0x48, 0x48, 0x00, 0x00, 0x00, 0x00, 0x00, 0x00, 0x00, 0x00, 0x00, 0x00
8242: 48480000	
8246: 00000000	
824A: 00000000	
824E: 00000000	.db 0x00, 0x00, 0x00, 0x00, 0x00, 0x00, 0x00, 0x00, 0x00, 0x00, 0x00, 0x00, 0x00, 0x00, 0x00, 0x00
8252: 00...   	
              	
825E: 00000000	z4: .db 0x00, 0x00, 0x00, 0x00, 0x00, 0x00, 0x00, 0x00, 0x00, 0x00, 0x00, 0x00, 0x00, 0x00, 0x00, 0x00
8262: 00...   	
826E: 00000000	.db 0x00, 0x00, 0x00, 0x00, 0x00, 0x00, 0x00, 0x00, 0x00, 0x00, 0x00, 0x00, 0x00, 0x00, 0x00, 0x00
8272: 00...   	
827E: 00000000	.db 0x00, 0x00, 0x00, 0x00, 0x00, 0x00, 0x00, 0x00, 0x00, 0x00, 0x00, 0x00, 0x00, 0x00, 0x00, 0x00
8282: 00...   	
828E: 00000000	.db 0x00, 0x00, 0x00, 0x00, 0x00, 0x00, 0x00, 0x00, 0x00, 0x00, 0x00, 0x00, 0x00, 0x00, 0x00, 0x00
8292: 00...   	
829E: 00000000	.db 0x00, 0x00, 0x00, 0x00, 0x00, 0x00, 0x00, 0x00, 0x00, 0x00, 0x00, 0x00, 0x00, 0x00, 0x00, 0x00
82A2: 00...   	
82AE: 00000000	.db 0x00, 0x00, 0x00, 0x00, 0x00, 0x00, 0x00, 0x00, 0x00, 0x00, 0x00, 0x01, 0x02, 0x04, 0x04, 0x04
82B2: 00000000	
82B6: 00000001	
82BA: 02040404	
82BE: 02000102	.db 0x02, 0x00, 0x01, 0x02, 0x04, 0x04, 0x04, 0x02, 0x01, 0x00, 0x00, 0x07, 0x00, 0x00, 0x01, 0x06
82C2: 04040402	
82C6: 01000007	
82CA: 00000106	
82CE: 00000704	.db 0x00, 0x00, 0x07, 0x04, 0x04, 0x04, 0x00, 0x00, 0x00, 0x00, 0x00, 0x00, 0x00, 0x00, 0x00, 0x00
82D2: 04040000	
82D6: 00000000	
82DA: 00000000	
              	
              	
              	
              	
              	
              	
              	
              	
              	    


; +++ segments +++

#CODE          = $8000 = 32768,  size = $02DE =   734

; +++ global symbols +++

I2C_Close         = $0109 =   265          Main.asm:5
I2C_Open          = $0106 =   262          Main.asm:4
I2C_Read          = $010C =   268          Main.asm:6 (unused)
I2C_Write         = $010F =   271          Main.asm:7
_end              = $82DE = 33502          Main.asm:62 (unused)
_size             = $02DE =   734          Main.asm:62 (unused)
_z80_             = $0001 =     1          Main.asm:1 (unused)
autoLF            = $0196 =   406          Main.asm:53 (unused)
clearGBUF         = $013C =   316          Main.asm:23 (unused)
clearGrLCD        = $013F =   319          Main.asm:24 (unused)
clearPixel        = $0172 =   370          Main.asm:41 (unused)
clearTxtLCD       = $0142 =   322          Main.asm:25 (unused)
delay             = $0103 =   259          Main.asm:3
delay500ms        = $0100 =   256          Main.asm:2 (unused)
delay_50ms        = $80A1 = 32929          Main.asm:189
displayCursor     = $0193 =   403          Main.asm:52 (unused)
drawBox           = $014B =   331          Main.asm:28 (unused)
drawCircle        = $0151 =   337          Main.asm:30 (unused)
drawGraphic       = $0178 =   376          Main.asm:43 (unused)
drawLine          = $014E =   334          Main.asm:29 (unused)
drawPixel         = $0154 =   340          Main.asm:31 (unused)
fillBox           = $0157 =   343          Main.asm:32 (unused)
fillCircle        = $015A =   346          Main.asm:33 (unused)
flipPixel         = $0175 =   373          Main.asm:42 (unused)
getCursor         = $0190 =   400          Main.asm:51 (unused)
img               = $805D = 32861          Main.asm:131
img1              = $806D = 32877          Main.asm:144
img2              = $807D = 32893          Main.asm:157
img3              = $808D = 32909          Main.asm:170
inicio            = $8000 = 32768          Main.asm:66 (unused)
initLCD           = $0139 =   313          Main.asm:22 (unused)
initTerminal      = $017E =   382          Main.asm:45 (unused)
invGraphic        = $017B =   379          Main.asm:44 (unused)
keyboardA         = $0118 =   280          Main.asm:10 (unused)
keyboardIsEsc     = $0112 =   274          Main.asm:8 (unused)
keyboardWaitA     = $0115 =   277          Main.asm:9
loop              = $8098 = 32920          Main.asm:182
oled              = $0078 =   120          Main.asm:60
plotAlways        = $019C =   412          Main.asm:55 (unused)
plotToLCD         = $015D =   349          Main.asm:34 (unused)
printChars        = $0163 =   355          Main.asm:36 (unused)
printString       = $0160 =   352          Main.asm:35 (unused)
sendCharToLCD     = $0181 =   385          Main.asm:46 (unused)
sendHLToLCD       = $018A =   394          Main.asm:49 (unused)
sendRegToLCD      = $0187 =   391          Main.asm:48 (unused)
sendStringToLCD   = $0184 =   388          Main.asm:47 (unused)
send_cmd          = $80A8 = 32936          Main.asm:196
send_data         = $80BB = 32955          Main.asm:208
serialCRLF        = $012A =   298          Main.asm:16 (unused)
serialHexA        = $012D =   301          Main.asm:17 (unused)
serialHexHL       = $0130 =   304          Main.asm:18 (unused)
serialInHexA      = $0133 =   307          Main.asm:19 (unused)
serialInHexHL     = $0136 =   310          Main.asm:20 (unused)
serialInputA      = $0124 =   292          Main.asm:14 (unused)
serialPrintA      = $0121 =   289          Main.asm:13 (unused)
serialPrintStr    = $0127 =   295          Main.asm:15 (unused)
setBufClear       = $016C =   364          Main.asm:39 (unused)
setBufNoClear     = $016F =   367          Main.asm:40 (unused)
setCursor         = $018D =   397          Main.asm:50 (unused)
setDefaultSerialA = $011B =   283          Main.asm:11 (unused)
setDefaultSerialB = $011E =   286          Main.asm:12 (unused)
setGrMode         = $0145 =   325          Main.asm:26 (unused)
setInt38          = $0166 =   358          Main.asm:37 (unused)
setTxtMode        = $0148 =   328          Main.asm:27 (unused)
setint66          = $0169 =   361          Main.asm:38 (unused)
underline         = $0199 =   409          Main.asm:54 (unused)
z1                = $80CE = 32974          Main.asm:221
z2                = $814E = 33102          Main.asm:230
z3                = $81CE = 33230          Main.asm:239
z4                = $825E = 33374          Main.asm:249


total time: 0.0749 sec.
no errors
